mode: set
videoserver/api/dbops/api.go:20.60,22.16 2 1
videoserver/api/dbops/api.go:25.2,26.16 2 1
videoserver/api/dbops/api.go:29.2,30.12 2 1
videoserver/api/dbops/api.go:22.16,23.21 1 0
videoserver/api/dbops/api.go:26.16,28.3 1 0
videoserver/api/dbops/api.go:33.58,35.16 2 1
videoserver/api/dbops/api.go:40.2,42.40 3 1
videoserver/api/dbops/api.go:45.2,46.17 2 1
videoserver/api/dbops/api.go:35.16,38.3 2 0
videoserver/api/dbops/api.go:42.40,44.3 1 0
videoserver/api/dbops/api.go:49.53,51.16 2 1
videoserver/api/dbops/api.go:55.2,56.16 2 1
videoserver/api/dbops/api.go:59.2,60.12 2 1
videoserver/api/dbops/api.go:51.16,54.3 2 0
videoserver/api/dbops/api.go:56.16,58.3 1 0
videoserver/api/dbops/api.go:63.69,66.16 2 1
videoserver/api/dbops/api.go:70.2,74.16 4 1
videoserver/api/dbops/api.go:77.2,78.16 2 1
videoserver/api/dbops/api.go:82.2,89.17 3 1
videoserver/api/dbops/api.go:66.16,68.3 1 0
videoserver/api/dbops/api.go:74.16,76.3 1 0
videoserver/api/dbops/api.go:78.16,80.3 1 0
videoserver/api/dbops/api.go:95.56,102.40 6 1
videoserver/api/dbops/api.go:106.2,106.26 1 1
videoserver/api/dbops/api.go:110.2,118.17 3 1
videoserver/api/dbops/api.go:102.40,104.3 1 0
videoserver/api/dbops/api.go:106.26,108.3 1 1
videoserver/api/dbops/api.go:121.40,123.16 2 1
videoserver/api/dbops/api.go:127.2,128.16 2 1
videoserver/api/dbops/api.go:131.2,132.12 2 1
videoserver/api/dbops/api.go:123.16,125.3 1 0
videoserver/api/dbops/api.go:128.16,130.3 1 0
videoserver/api/dbops/api.go:137.64,139.16 2 0
videoserver/api/dbops/api.go:142.2,143.16 2 0
videoserver/api/dbops/api.go:146.2,147.16 2 0
videoserver/api/dbops/api.go:150.2,151.12 2 0
videoserver/api/dbops/api.go:139.16,141.3 1 0
videoserver/api/dbops/api.go:143.16,145.3 1 0
videoserver/api/dbops/api.go:147.16,149.3 1 0
videoserver/api/dbops/api.go:154.70,159.16 2 0
videoserver/api/dbops/api.go:163.2,165.16 3 0
videoserver/api/dbops/api.go:169.2,169.18 1 0
videoserver/api/dbops/api.go:184.2,185.17 2 0
videoserver/api/dbops/api.go:159.16,161.3 1 0
videoserver/api/dbops/api.go:165.16,167.3 1 0
videoserver/api/dbops/api.go:169.18,171.57 2 0
videoserver/api/dbops/api.go:175.3,181.23 2 0
videoserver/api/dbops/api.go:171.57,173.4 1 0
videoserver/api/dbops/conn.go:10.14,12.15 2 1
videoserver/api/dbops/conn.go:12.15,13.21 1 0
